2024-11-13 14:47:07,146 [INFO] Activator:176 - 


2024-11-13 14:47:07,148 [INFO] Activator:177 - !SESSION log4j initialized
2024-11-13 14:47:08,837 [INFO] LogOutputStream:77 - [STDOUT_REDIRECT] 
2024-11-13 14:47:10,430 [INFO] ApplicationProperties:184 - Using Application install path: /opt/st/stm32cubeide_1.16.1/plugins/com.st.stm32cube.common.mx_6.12.1.202409122256
2024-11-13 14:47:10,444 [INFO] DbMcusXml:78 - Set database path to: /opt/st/stm32cubeide_1.16.1/plugins/com.st.stm32cube.common.mx_6.12.1.202409122256//db//mcu/
2024-11-13 14:47:10,445 [INFO] ApiDb:274 - Set plugin database path to: /opt/st/stm32cubeide_1.16.1/plugins/com.st.stm32cube.common.mx_6.12.1.202409122256//db//plugins/boardmanager/
2024-11-13 14:47:10,445 [WARN] ApiDb:259 - Overriding images path with different value:  => /opt/st/stm32cubeide_1.16.1/plugins/com.st.stm32cube.common.mx_6.12.1.202409122256//db//plugins/mcufinder/images/
2024-11-13 14:47:11,087 [WARN] ApiFinderProperties:113 - /home/cinvestav/.stmcufinder/plugins/mcufinder/mcu/mcuFinder.mfd doesn't exist
2024-11-13 14:47:11,088 [INFO] ApiDb:250 - Set database path to: /home/cinvestav/.stmcufinder/plugins/mcufinder//mcu/
2024-11-13 14:47:11,089 [INFO] DbMcusAds:125 - Set database path to: /home/cinvestav/.stmcufinder/plugins/mcufinder//mcu/
2024-11-13 14:47:11,091 [INFO] CrossReferenceDbSqlite:203 - Set database path to: /home/cinvestav/.stmcufinder/plugins/mcufinder//mcu/cs/
2024-11-13 14:47:11,192 [INFO] RulesReader:64 - Compatibility file has been processed (297 Rules)
2024-11-13 14:47:11,235 [INFO] DbMcusXml:78 - Set database path to: /opt/st/stm32cubeide_1.16.1/plugins/com.st.stm32cube.common.mx_6.12.1.202409122256//db//mcu/
2024-11-13 14:47:11,235 [INFO] ApiDb:274 - Set plugin database path to: /opt/st/stm32cubeide_1.16.1/plugins/com.st.stm32cube.common.mx_6.12.1.202409122256//db//plugins/boardmanager/
2024-11-13 14:47:11,235 [INFO] ApiDb:261 - Set plugin images path to: /opt/st/stm32cubeide_1.16.1/plugins/com.st.stm32cube.common.mx_6.12.1.202409122256//db//plugins/mcufinder/images/
2024-11-13 14:47:11,235 [WARN] DbFile:41 - Overriding database path with different value: /home/cinvestav/.stmcufinder/plugins/mcufinder/ => /home/cinvestav/.stmcufinder/plugins/mcufinder
2024-11-13 14:47:11,235 [INFO] ApiDb:250 - Set database path to: /home/cinvestav/.stmcufinder/plugins/mcufinder//mcu/
2024-11-13 14:47:11,235 [WARN] DbFile:41 - Overriding database path with different value: /home/cinvestav/.stmcufinder/plugins/mcufinder/ => /home/cinvestav/.stmcufinder/plugins/mcufinder
2024-11-13 14:47:11,236 [INFO] DbMcusAds:125 - Set database path to: /home/cinvestav/.stmcufinder/plugins/mcufinder//mcu/
2024-11-13 14:47:11,236 [WARN] DbFile:41 - Overriding database path with different value: /home/cinvestav/.stmcufinder/plugins/mcufinder/ => /home/cinvestav/.stmcufinder/plugins/mcufinder
2024-11-13 14:47:11,236 [WARN] DbFile:41 - Overriding database path with different value: /home/cinvestav/.stmcufinder/plugins/mcufinder/ => /home/cinvestav/.stmcufinder/plugins/mcufinder
2024-11-13 14:47:11,236 [INFO] CrossReferenceDbSqlite:203 - Set database path to: /home/cinvestav/.stmcufinder/plugins/mcufinder//mcu/cs/
2024-11-13 14:47:11,294 [INFO] MainPanel:268 - HeapMemory: 268435456
2024-11-13 14:47:11,419 [INFO] DbMcusXml:78 - Set database path to: /opt/st/stm32cubeide_1.16.1/plugins/com.st.stm32cube.common.mx_6.12.1.202409122256//db//mcu/
2024-11-13 14:47:11,419 [INFO] ApiDb:274 - Set plugin database path to: /opt/st/stm32cubeide_1.16.1/plugins/com.st.stm32cube.common.mx_6.12.1.202409122256//db//plugins/boardmanager/
2024-11-13 14:47:11,419 [INFO] ApiDb:261 - Set plugin images path to: /opt/st/stm32cubeide_1.16.1/plugins/com.st.stm32cube.common.mx_6.12.1.202409122256//db//plugins/mcufinder/images/
2024-11-13 14:47:11,419 [WARN] DbFile:41 - Overriding database path with different value: /home/cinvestav/.stmcufinder/plugins/mcufinder/ => /home/cinvestav/.stmcufinder/plugins/mcufinder
2024-11-13 14:47:11,419 [INFO] ApiDb:250 - Set database path to: /home/cinvestav/.stmcufinder/plugins/mcufinder//mcu/
2024-11-13 14:47:11,419 [WARN] DbFile:41 - Overriding database path with different value: /home/cinvestav/.stmcufinder/plugins/mcufinder/ => /home/cinvestav/.stmcufinder/plugins/mcufinder
2024-11-13 14:47:11,420 [INFO] DbMcusAds:125 - Set database path to: /home/cinvestav/.stmcufinder/plugins/mcufinder//mcu/
2024-11-13 14:47:11,420 [WARN] DbFile:41 - Overriding database path with different value: /home/cinvestav/.stmcufinder/plugins/mcufinder/ => /home/cinvestav/.stmcufinder/plugins/mcufinder
2024-11-13 14:47:11,420 [WARN] DbFile:41 - Overriding database path with different value: /home/cinvestav/.stmcufinder/plugins/mcufinder/ => /home/cinvestav/.stmcufinder/plugins/mcufinder
2024-11-13 14:47:11,420 [INFO] CrossReferenceDbSqlite:203 - Set database path to: /home/cinvestav/.stmcufinder/plugins/mcufinder//mcu/cs/
2024-11-13 14:47:11,433 [INFO] ApplicationProperties:184 - Using Application install path: /opt/st/stm32cubeide_1.16.1/plugins/com.st.stm32cube.common.mx_6.12.1.202409122256
2024-11-13 14:47:11,434 [INFO] PluginManage:196 - Search for loadable plugins [exclusion list=, ]
2024-11-13 14:47:11,435 [INFO] PluginManage:310 - Check plugin analytics
2024-11-13 14:47:11,581 [INFO] AnalyticsPlugin:253 - Accepted Software Licenses: 
2024-11-13 14:47:11,581 [INFO] AnalyticsPlugin:255 - Accepted CMSIS Pack Licenses: 
2024-11-13 14:47:11,581 [INFO] AnalyticsPlugin:257 - Accepted Firmware Licenses: 
2024-11-13 14:47:11,583 [INFO] PluginManage:359 - Loaded plugin analytics (category:tool,tabindex:-1)
2024-11-13 14:47:11,583 [INFO] PluginManage:310 - Check plugin cadmodel
2024-11-13 14:47:11,586 [INFO] CADModel:105 - Init CAD model plugin
2024-11-13 14:47:11,586 [INFO] PluginManage:359 - Loaded plugin cadmodel (category:power,tabindex:5)
2024-11-13 14:47:11,586 [INFO] PluginManage:310 - Check plugin clock
2024-11-13 14:47:11,594 [INFO] PluginManage:359 - Loaded plugin clock (category:base,tabindex:2)
2024-11-13 14:47:11,595 [INFO] PluginManage:310 - Check plugin ddr
2024-11-13 14:47:11,596 [INFO] PluginManage:359 - Loaded plugin ddr (category:tool,tabindex:6)
2024-11-13 14:47:11,596 [INFO] PluginManage:310 - Check plugin filemanager
2024-11-13 14:47:11,727 [INFO] PluginManage:359 - Loaded plugin filemanager (category:base,tabindex:10)
2024-11-13 14:47:11,727 [INFO] PluginManage:310 - Check plugin ipmanager
2024-11-13 14:47:11,732 [INFO] PluginManage:359 - Loaded plugin ipmanager (category:base,tabindex:5)
2024-11-13 14:47:11,732 [INFO] PluginManage:310 - Check plugin lpbam
2024-11-13 14:47:11,739 [INFO] PluginManage:359 - Loaded plugin lpbam (category:base,tabindex:0)
2024-11-13 14:47:11,740 [INFO] PluginManage:310 - Check plugin memorymap
2024-11-13 14:47:11,751 [INFO] PluginManage:359 - Loaded plugin memorymap (category:base,tabindex:4)
2024-11-13 14:47:11,751 [INFO] PluginManage:310 - Check plugin pinoutandconfiguration
2024-11-13 14:47:11,757 [INFO] PluginManage:359 - Loaded plugin pinoutandconfiguration (category:base,tabindex:1)
2024-11-13 14:47:11,758 [INFO] PluginManage:310 - Check plugin pinoutconfig
2024-11-13 14:47:11,865 [WARN] SupportedApi:132 - Cannot load RTOS API schema: s4s-elt-must-match.1: The content of 'definitions' must match (annotation?, (simpleType | complexType)?, (unique | key | keyref)*)). A problem was found starting at: attribute.
2024-11-13 14:47:11,999 [INFO] PluginManage:359 - Loaded plugin pinoutconfig (category:base,tabindex:0)
2024-11-13 14:47:12,000 [INFO] PluginManage:310 - Check plugin power
2024-11-13 14:47:12,006 [INFO] PluginManage:359 - Loaded plugin power (category:power,tabindex:4)
2024-11-13 14:47:12,006 [INFO] PluginManage:310 - Check plugin projectmanager
2024-11-13 14:47:12,022 [INFO] PluginManage:359 - Loaded plugin projectmanager (category:projectmanager,tabindex:4)
2024-11-13 14:47:12,023 [INFO] PluginManage:310 - Check plugin rif
2024-11-13 14:47:12,027 [INFO] PluginManage:359 - Loaded plugin rif (category:base,tabindex:3)
2024-11-13 14:47:12,027 [INFO] PluginManage:310 - Check plugin thirdparty
2024-11-13 14:47:12,122 [INFO] PluginManage:359 - Loaded plugin thirdparty (category:base,tabindex:-1)
2024-11-13 14:47:12,122 [WARN] IntegrityCheckThread:84 - waiting for thirdparty lock release [integrity check]
2024-11-13 14:47:12,122 [INFO] PluginManage:310 - Check plugin tools
2024-11-13 14:47:12,122 [INFO] IntegrityCheckThread:86 - entering critical section [integrity check]
2024-11-13 14:47:12,123 [INFO] ThirdPartyUpdaterWithRetryManager:70 - Updater plugin not ready yet. [1/15]
2024-11-13 14:47:12,124 [INFO] PluginManage:359 - Loaded plugin tools (category:base,tabindex:7)
2024-11-13 14:47:12,124 [INFO] PluginManage:310 - Check plugin tutovideos
2024-11-13 14:47:12,284 [INFO] PluginManage:359 - Loaded plugin tutovideos (category:base,tabindex:-1)
2024-11-13 14:47:12,284 [INFO] PluginManage:310 - Check plugin updater
2024-11-13 14:47:12,298 [INFO] PluginManage:359 - Loaded plugin updater (category:base,tabindex:12)
2024-11-13 14:47:12,298 [INFO] PluginManage:310 - Check plugin userauth
2024-11-13 14:47:12,303 [INFO] UserAuth:113 - Init User Auth plugin
2024-11-13 14:47:12,303 [INFO] PluginManage:359 - Loaded plugin userauth (category:base,tabindex:14)
2024-11-13 14:47:12,303 [INFO] PluginManage:283 - PluginManage : Loaded plugins [18]
2024-11-13 14:47:12,451 [INFO] PinOutPanel:1561 - setPackage(No Configuration,No Configuration)
2024-11-13 14:47:12,525 [INFO] CADModel:165 - CPN selected for project level
2024-11-13 14:47:12,525 [INFO] CADModel:114 - Register for checkConnection events
2024-11-13 14:47:12,535 [INFO] IPUIPlugin:80 - create IPUIPlugin
2024-11-13 14:47:12,535 [INFO] PluginManager:220 - loadIPPluginJar : add dma
2024-11-13 14:47:12,537 [INFO] IPUIPlugin:80 - create IPUIPlugin
2024-11-13 14:47:12,538 [INFO] PluginManager:220 - loadIPPluginJar : add quadspi
2024-11-13 14:47:12,541 [INFO] IPUIPlugin:80 - create IPUIPlugin
2024-11-13 14:47:12,541 [INFO] PluginManager:220 - loadIPPluginJar : add i2c
2024-11-13 14:47:12,543 [INFO] IPUIPlugin:80 - create IPUIPlugin
2024-11-13 14:47:12,543 [INFO] PluginManager:220 - loadIPPluginJar : add cryp
2024-11-13 14:47:12,543 [INFO] IPUIPlugin:80 - create IPUIPlugin
2024-11-13 14:47:12,544 [INFO] PluginManager:220 - loadIPPluginJar : add ltdc
2024-11-13 14:47:12,548 [INFO] IPUIPlugin:80 - create IPUIPlugin
2024-11-13 14:47:12,550 [INFO] PluginManager:220 - loadIPPluginJar : add plateformsettings
2024-11-13 14:47:12,551 [INFO] IPUIPlugin:80 - create IPUIPlugin
2024-11-13 14:47:12,551 [INFO] PluginManager:220 - loadIPPluginJar : add tim
2024-11-13 14:47:12,553 [INFO] IPUIPlugin:80 - create IPUIPlugin
2024-11-13 14:47:12,553 [INFO] PluginManager:220 - loadIPPluginJar : add gtzc
2024-11-13 14:47:12,556 [INFO] IPUIPlugin:80 - create IPUIPlugin
2024-11-13 14:47:12,556 [INFO] PluginManager:220 - loadIPPluginJar : add ipddr
2024-11-13 14:47:12,558 [INFO] IPUIPlugin:80 - create IPUIPlugin
2024-11-13 14:47:12,558 [INFO] PluginManager:220 - loadIPPluginJar : add dfsdm
2024-11-13 14:47:12,561 [INFO] IPUIPlugin:80 - create IPUIPlugin
2024-11-13 14:47:12,561 [INFO] PluginManager:220 - loadIPPluginJar : add opamp
2024-11-13 14:47:12,563 [INFO] IPUIPlugin:80 - create IPUIPlugin
2024-11-13 14:47:12,563 [INFO] PluginManager:220 - loadIPPluginJar : add sai
2024-11-13 14:47:12,564 [INFO] IPUIPlugin:80 - create IPUIPlugin
2024-11-13 14:47:12,564 [INFO] PluginManager:220 - loadIPPluginJar : add hash
2024-11-13 14:47:12,568 [INFO] IPUIPlugin:80 - create IPUIPlugin
2024-11-13 14:47:12,568 [INFO] PluginManager:220 - loadIPPluginJar : add adc
2024-11-13 14:47:12,572 [INFO] IPUIPlugin:80 - create IPUIPlugin
2024-11-13 14:47:12,572 [INFO] PluginManager:220 - loadIPPluginJar : add stm32_wpan
2024-11-13 14:47:12,577 [INFO] IPUIPlugin:80 - create IPUIPlugin
2024-11-13 14:47:12,577 [INFO] PluginManager:220 - loadIPPluginJar : add freertos
2024-11-13 14:47:12,578 [INFO] IPUIPlugin:80 - create IPUIPlugin
2024-11-13 14:47:12,578 [INFO] PluginManager:220 - loadIPPluginJar : add aes
2024-11-13 14:47:12,580 [INFO] IPUIPlugin:80 - create IPUIPlugin
2024-11-13 14:47:12,580 [INFO] PluginManager:220 - loadIPPluginJar : add lorawan
2024-11-13 14:47:12,581 [INFO] IPUIPlugin:80 - create IPUIPlugin
2024-11-13 14:47:12,582 [INFO] PluginManager:220 - loadIPPluginJar : add ddr_ctrl_phy
2024-11-13 14:47:12,584 [INFO] IPUIPlugin:80 - create IPUIPlugin
2024-11-13 14:47:12,584 [INFO] PluginManager:220 - loadIPPluginJar : add touchsensing
2024-11-13 14:47:12,585 [INFO] IPUIPlugin:80 - create IPUIPlugin
2024-11-13 14:47:12,585 [INFO] PluginManager:220 - loadIPPluginJar : add extmemmanager
2024-11-13 14:47:12,588 [INFO] IPUIPlugin:80 - create IPUIPlugin
2024-11-13 14:47:12,589 [INFO] PluginManager:220 - loadIPPluginJar : add gpio
2024-11-13 14:47:12,591 [INFO] IPUIPlugin:80 - create IPUIPlugin
2024-11-13 14:47:12,591 [INFO] PluginManager:220 - loadIPPluginJar : add can
2024-11-13 14:47:12,597 [INFO] IPUIPlugin:80 - create IPUIPlugin
2024-11-13 14:47:12,597 [INFO] PluginManager:220 - loadIPPluginJar : add linkedlist
2024-11-13 14:47:12,599 [INFO] IPUIPlugin:80 - create IPUIPlugin
2024-11-13 14:47:12,599 [INFO] PluginManager:220 - loadIPPluginJar : add pdm2pcm
2024-11-13 14:47:12,603 [INFO] IPUIPlugin:80 - create IPUIPlugin
2024-11-13 14:47:12,603 [INFO] PluginManager:220 - loadIPPluginJar : add gic
2024-11-13 14:47:12,605 [INFO] IPUIPlugin:80 - create IPUIPlugin
2024-11-13 14:47:12,605 [INFO] PluginManager:220 - loadIPPluginJar : add dma3
2024-11-13 14:47:12,606 [INFO] IPUIPlugin:80 - create IPUIPlugin
2024-11-13 14:47:12,606 [INFO] PluginManager:220 - loadIPPluginJar : add tsc
2024-11-13 14:47:12,608 [INFO] IPUIPlugin:80 - create IPUIPlugin
2024-11-13 14:47:12,608 [INFO] PluginManager:220 - loadIPPluginJar : add i2s
2024-11-13 14:47:12,610 [INFO] IPUIPlugin:80 - create IPUIPlugin
2024-11-13 14:47:12,610 [INFO] PluginManager:220 - loadIPPluginJar : add usbx
2024-11-13 14:47:12,615 [INFO] IPUIPlugin:80 - create IPUIPlugin
2024-11-13 14:47:12,615 [INFO] PluginManager:220 - loadIPPluginJar : add mdma
2024-11-13 14:47:12,616 [INFO] IPUIPlugin:80 - create IPUIPlugin
2024-11-13 14:47:12,616 [INFO] PluginManager:220 - loadIPPluginJar : add tracer_emb
2024-11-13 14:47:12,618 [INFO] IPUIPlugin:80 - create IPUIPlugin
2024-11-13 14:47:12,618 [INFO] PluginManager:220 - loadIPPluginJar : add ts
2024-11-13 14:47:12,619 [INFO] IPUIPlugin:80 - create IPUIPlugin
2024-11-13 14:47:12,620 [INFO] PluginManager:220 - loadIPPluginJar : add usart
2024-11-13 14:47:12,621 [INFO] IPUIPlugin:80 - create IPUIPlugin
2024-11-13 14:47:12,621 [INFO] PluginManager:220 - loadIPPluginJar : add gfxmmu
2024-11-13 14:47:12,623 [INFO] IPUIPlugin:80 - create IPUIPlugin
2024-11-13 14:47:12,624 [INFO] PluginManager:220 - loadIPPluginJar : add resmgrutility
2024-11-13 14:47:12,625 [INFO] IPUIPlugin:80 - create IPUIPlugin
2024-11-13 14:47:12,626 [INFO] PluginManager:220 - loadIPPluginJar : add spi
2024-11-13 14:47:12,628 [INFO] IPUIPlugin:80 - create IPUIPlugin
2024-11-13 14:47:12,628 [INFO] PluginManager:220 - loadIPPluginJar : add i3c
2024-11-13 14:47:12,630 [INFO] IPUIPlugin:80 - create IPUIPlugin
2024-11-13 14:47:12,630 [INFO] PluginManager:220 - loadIPPluginJar : add nvic
2024-11-13 14:47:12,632 [INFO] IPUIPlugin:80 - create IPUIPlugin
2024-11-13 14:47:12,632 [INFO] PluginManager:220 - loadIPPluginJar : add openamp
2024-11-13 14:47:12,633 [INFO] IPUIPlugin:80 - create IPUIPlugin
2024-11-13 14:47:12,633 [INFO] PluginManager:220 - loadIPPluginJar : add fatfs
2024-11-13 14:47:12,636 [INFO] IPUIPlugin:80 - create IPUIPlugin
2024-11-13 14:47:12,637 [INFO] PluginManager:220 - loadIPPluginJar : add fmc
2024-11-13 14:47:12,638 [INFO] IPUIPlugin:80 - create IPUIPlugin
2024-11-13 14:47:12,638 [INFO] PluginManager:220 - loadIPPluginJar : add ucpd
2024-11-13 14:47:12,639 [INFO] IPUIPlugin:80 - create IPUIPlugin
2024-11-13 14:47:12,639 [INFO] PluginManager:220 - loadIPPluginJar : add genericplugin
2024-11-13 14:47:12,640 [INFO] IPUIPlugin:80 - create IPUIPlugin
2024-11-13 14:47:12,641 [INFO] PluginManager:220 - loadIPPluginJar : add radio
2024-11-13 14:47:12,642 [INFO] IPUIPlugin:80 - create IPUIPlugin
2024-11-13 14:47:12,642 [INFO] PluginManager:220 - loadIPPluginJar : add comp
2024-11-13 14:47:12,742 [INFO] CADModel:165 - CPN selected for project level
2024-11-13 14:47:12,742 [INFO] CADModel:114 - Register for checkConnection events
2024-11-13 14:47:12,742 [FATAL] Updater:334 - Updater called before beeing initialized
2024-11-13 14:47:12,742 [ERROR] CADModel:125 - Updater not yet initialized, retry later 
2024-11-13 14:47:12,841 [INFO] CADModel:165 - CPN selected for project level
2024-11-13 14:47:12,841 [INFO] CADModel:114 - Register for checkConnection events
2024-11-13 14:47:12,841 [FATAL] Updater:334 - Updater called before beeing initialized
2024-11-13 14:47:12,841 [ERROR] CADModel:125 - Updater not yet initialized, retry later 
2024-11-13 14:47:12,844 [FATAL] Updater:334 - Updater called before beeing initialized
2024-11-13 14:47:12,907 [FATAL] Updater:334 - Updater called before beeing initialized
2024-11-13 14:47:12,911 [INFO] DbMcusAds:53 - JSON generation date=Thu Sep 30 01:55:09 CDT 2021 (1632984909247)
2024-11-13 14:47:12,911 [FATAL] Updater:334 - Updater called before beeing initialized
2024-11-13 14:47:12,943 [WARN] DetailPanel:346 - Failed to get advertising image, set to default
2024-11-13 14:47:13,027 [FATAL] Updater:334 - Updater called before beeing initialized
2024-11-13 14:47:13,029 [FATAL] Updater:334 - Updater called before beeing initialized
2024-11-13 14:47:13,029 [FATAL] Updater:334 - Updater called before beeing initialized
2024-11-13 14:47:13,029 [WARN] DetailPanel:346 - Failed to get advertising image, set to default
2024-11-13 14:47:13,030 [FATAL] Updater:334 - Updater called before beeing initialized
2024-11-13 14:47:13,058 [ERROR] Updater:1164 - MainUpdater not yet initialized. External WinMGr cannot be set.
2024-11-13 14:47:13,060 [INFO] Updater:1100 - Updater Version found : 6.12.1
2024-11-13 14:47:13,077 [INFO] ApplicationProperties:184 - Using Application install path: /opt/st/stm32cubeide_1.16.1/plugins/com.st.stm32cube.common.mx_6.12.1.202409122256
2024-11-13 14:47:13,102 [INFO] MainUpdater:526 - Copy updater definitions from MX database
2024-11-13 14:47:13,132 [INFO] MainUpdater:559 - Copy flag file definitions from MX database
2024-11-13 14:47:13,132 [INFO] MainUpdater:575 - Copy thirdparty index definitions from MX database
2024-11-13 14:47:13,133 [INFO] MainUpdater:594 - Copy default thirdparty db definitions from MX database
2024-11-13 14:47:13,682 [INFO] MainUpdater:2873 - connection check result : 10
2024-11-13 14:47:13,682 [INFO] MainUpdater:3567 - Updater definition file requires update
2024-11-13 14:47:13,683 [INFO] MainUpdater:290 - Updater Check For Update Now.
2024-11-13 14:47:13,683 [INFO] MicroXplorer:498 - Change Database Version : DB.6.0.121
2024-11-13 14:47:13,687 [INFO] McuFinderGlobals:63 - Set McuFinder mode to 2 (CubeIDE integrated)
2024-11-13 14:47:13,687 [INFO] UserAuth:179 - activating auth plugin
2024-11-13 14:47:13,689 [INFO] UserAuth:417 - Internet connection configuration mode: 1
2024-11-13 14:47:13,698 [INFO] JxBrowserEngine:152 - Initiate JxBrowser Engine with user profile folder
2024-11-13 14:47:15,123 [WARN] MainUpdater:1194 - Updater busy. Cannot search thirdparties
2024-11-13 14:47:15,124 [INFO] ThirdPartyUpdaterWithRetryManager:96 - Updater plugin is busy. [1/15]
2024-11-13 14:47:15,191 [INFO] ServerAccessManage:473 - Download File updaters.zip
2024-11-13 14:47:15,291 [INFO] FileExtend:240 - Unzip File : updaters.zip
2024-11-13 14:47:15,292 [INFO] FileExtend:255 - Standard Zip Deflate
2024-11-13 14:47:15,541 [INFO] ServerAccessManage:473 - Download File PacksControlFlags.xml
2024-11-13 14:47:15,789 [INFO] ServerAccessManage:473 - Download File cubemx.pidx
2024-11-13 14:47:16,071 [INFO] ServerAccessManage:473 - Download File STMicroelectronics.FP-ATR-ASTRA1.pdsc
2024-11-13 14:47:16,581 [INFO] WebApp:167 - Instantiating new browser for Auth
2024-11-13 14:47:17,044 [INFO] ServerAccessManage:473 - Download File STMicroelectronics.FP-ATR-SIGFOX1.pdsc
2024-11-13 14:47:17,164 [INFO] WebApp:448 - Apply proxy settings
2024-11-13 14:47:17,164 [INFO] WebApp:533 - Chromium requires no authentication
2024-11-13 14:47:17,172 [INFO] WebApp:476 - Direct internet connection detected
2024-11-13 14:47:17,187 [INFO] WebApp:869 - Register for checkConnection events
2024-11-13 14:47:17,188 [INFO] WebApp:448 - Apply proxy settings
2024-11-13 14:47:17,188 [INFO] WebApp:533 - Chromium requires no authentication
2024-11-13 14:47:17,188 [INFO] WebApp:476 - Direct internet connection detected
2024-11-13 14:47:17,302 [INFO] WebApp:220 - Starting web application
2024-11-13 14:47:17,302 [INFO] WebApp:578 - Web application path used /opt/st/stm32cubeide_1.16.1/plugins/com.st.stm32cube.common.mx_6.12.1.202409122256/db/plugins/mcufinder/reactClient1/index.html
2024-11-13 14:47:17,348 [INFO] ServerAccessManage:473 - Download File STMicroelectronics.FP-SNS-STBOX1.pdsc
2024-11-13 14:47:17,402 [INFO] WebApp:186 - Connection restablished
2024-11-13 14:47:18,049 [INFO] ServerAccessManage:473 - Download File STMicroelectronics.FP-SNS-FLIGHT1.pdsc
2024-11-13 14:47:18,124 [WARN] MainUpdater:1194 - Updater busy. Cannot search thirdparties
2024-11-13 14:47:18,124 [INFO] ThirdPartyUpdaterWithRetryManager:96 - Updater plugin is busy. [2/15]
2024-11-13 14:47:18,496 [INFO] ServerAccessManage:473 - Download File STMicroelectronics.FP-SNS-MOTENV1.pdsc
2024-11-13 14:47:19,101 [INFO] ServerAccessManage:473 - Download File STMicroelectronics.FP-SNS-MOTENVWB1.pdsc
2024-11-13 14:47:19,561 [INFO] ServerAccessManage:473 - Download File STMicroelectronics.FP-SNS-SMARTAG2.pdsc
2024-11-13 14:47:19,902 [INFO] ServerAccessManage:473 - Download File STMicroelectronics.X-CUBE-AI.pdsc
2024-11-13 14:47:21,124 [WARN] MainUpdater:1194 - Updater busy. Cannot search thirdparties
2024-11-13 14:47:21,125 [INFO] ThirdPartyUpdaterWithRetryManager:96 - Updater plugin is busy. [3/15]
2024-11-13 14:47:21,589 [INFO] ServerAccessManage:473 - Download File STMicroelectronics.X-CUBE-ALS.pdsc
2024-11-13 14:47:21,971 [INFO] ServerAccessManage:473 - Download File STMicroelectronics.X-CUBE-BLE1.pdsc
2024-11-13 14:47:24,029 [ERROR] ServerAccessManage:1089 - Problem, file not found on Server
2024-11-13 14:47:24,125 [WARN] MainUpdater:1194 - Updater busy. Cannot search thirdparties
2024-11-13 14:47:24,125 [INFO] ThirdPartyUpdaterWithRetryManager:96 - Updater plugin is busy. [4/15]
2024-11-13 14:47:24,140 [INFO] ServerAccessManage:473 - Download File STMicroelectronics.X-CUBE-BLE2.pdsc
2024-11-13 14:47:24,831 [INFO] ServerAccessManage:473 - Download File STMicroelectronics.X-CUBE-BLEMGR.pdsc
2024-11-13 14:47:25,499 [INFO] ServerAccessManage:473 - Download File STMicroelectronics.X-CUBE-DISPLAY.pdsc
2024-11-13 14:47:26,180 [INFO] ServerAccessManage:473 - Download File STMicroelectronics.X-CUBE-DPOWER.pdsc
2024-11-13 14:47:26,986 [ERROR] ServerAccessManage:1089 - Problem, file not found on Server
2024-11-13 14:47:27,125 [WARN] MainUpdater:1194 - Updater busy. Cannot search thirdparties
2024-11-13 14:47:27,125 [INFO] ThirdPartyUpdaterWithRetryManager:96 - Updater plugin is busy. [5/15]
2024-11-13 14:47:27,594 [ERROR] ServerAccessManage:1089 - Problem, file not found on Server
2024-11-13 14:47:28,232 [ERROR] ServerAccessManage:1089 - Problem, file not found on Server
2024-11-13 14:47:28,865 [ERROR] ServerAccessManage:1089 - Problem, file not found on Server
2024-11-13 14:47:29,523 [ERROR] ServerAccessManage:1089 - Problem, file not found on Server
2024-11-13 14:47:30,126 [WARN] MainUpdater:1194 - Updater busy. Cannot search thirdparties
2024-11-13 14:47:30,126 [INFO] ThirdPartyUpdaterWithRetryManager:96 - Updater plugin is busy. [6/15]
2024-11-13 14:47:30,138 [ERROR] ServerAccessManage:1089 - Problem, file not found on Server
2024-11-13 14:47:30,777 [ERROR] ServerAccessManage:1089 - Problem, file not found on Server
2024-11-13 14:47:31,206 [ERROR] ServerAccessManage:1089 - Problem, file not found on Server
2024-11-13 14:47:31,417 [ERROR] ServerAccessManage:1089 - Problem, file not found on Server
2024-11-13 14:47:31,657 [ERROR] ServerAccessManage:1089 - Problem, file not found on Server
2024-11-13 14:47:32,290 [ERROR] ServerAccessManage:1089 - Problem, file not found on Server
2024-11-13 14:47:32,392 [INFO] ServerAccessManage:473 - Download File STMicroelectronics.X-CUBE-EEPRMA1.pdsc
2024-11-13 14:47:33,080 [ERROR] ServerAccessManage:1089 - Problem, file not found on Server
2024-11-13 14:47:33,126 [WARN] MainUpdater:1194 - Updater busy. Cannot search thirdparties
2024-11-13 14:47:33,126 [INFO] ThirdPartyUpdaterWithRetryManager:96 - Updater plugin is busy. [7/15]
2024-11-13 14:47:33,855 [ERROR] ServerAccessManage:1089 - Problem, file not found on Server
2024-11-13 14:47:34,313 [INFO] ServerAccessManage:473 - Download File STMicroelectronics.X-CUBE-FREERTOS.pdsc
2024-11-13 14:47:34,622 [INFO] ServerAccessManage:473 - Download File STMicroelectronics.X-CUBE-GNSS1.pdsc
2024-11-13 14:47:36,030 [ERROR] ServerAccessManage:1089 - Problem, file not found on Server
2024-11-13 14:47:36,126 [WARN] MainUpdater:1194 - Updater busy. Cannot search thirdparties
2024-11-13 14:47:36,127 [INFO] ThirdPartyUpdaterWithRetryManager:96 - Updater plugin is busy. [8/15]
2024-11-13 14:47:36,243 [ERROR] ServerAccessManage:1089 - Problem, file not found on Server
2024-11-13 14:47:36,876 [ERROR] ServerAccessManage:1089 - Problem, file not found on Server
2024-11-13 14:47:37,103 [ERROR] ServerAccessManage:1089 - Problem, file not found on Server
2024-11-13 14:47:37,727 [ERROR] ServerAccessManage:1089 - Problem, file not found on Server
2024-11-13 14:47:38,514 [ERROR] ServerAccessManage:1089 - Problem, file not found on Server
2024-11-13 14:47:38,569 [INFO] ServerAccessManage:473 - Download File STMicroelectronics.X-CUBE-ISPU.pdsc
2024-11-13 14:47:38,922 [INFO] ServerAccessManage:473 - Download File STMicroelectronics.X-CUBE-IPS.pdsc
2024-11-13 14:47:39,127 [WARN] MainUpdater:1194 - Updater busy. Cannot search thirdparties
2024-11-13 14:47:39,127 [INFO] ThirdPartyUpdaterWithRetryManager:96 - Updater plugin is busy. [9/15]
2024-11-13 14:47:39,167 [INFO] ServerAccessManage:473 - Download File STMicroelectronics.X-CUBE-MEMS1.pdsc
2024-11-13 14:47:40,904 [INFO] ServerAccessManage:473 - Download File STMicroelectronics.X-CUBE-NFC4.pdsc
2024-11-13 14:47:42,127 [WARN] MainUpdater:1194 - Updater busy. Cannot search thirdparties
2024-11-13 14:47:42,127 [INFO] ThirdPartyUpdaterWithRetryManager:96 - Updater plugin is busy. [10/15]
2024-11-13 14:47:42,202 [INFO] ServerAccessManage:473 - Download File STMicroelectronics.X-CUBE-NFC6.pdsc
2024-11-13 14:47:42,392 [INFO] ServerAccessManage:473 - Download File STMicroelectronics.X-CUBE-NFC7.pdsc
2024-11-13 14:47:42,560 [INFO] ServerAccessManage:473 - Download File STMicroelectronics.X-CUBE-NFC9.pdsc
2024-11-13 14:47:42,694 [INFO] ServerAccessManage:473 - Download File STMicroelectronics.X-CUBE-NFC10.pdsc
2024-11-13 14:47:43,058 [INFO] ServerAccessManage:473 - Download File STMicroelectronics.X-CUBE-SFXS2LP1.pdsc
2024-11-13 14:47:43,418 [INFO] ServerAccessManage:473 - Download File STMicroelectronics.X-CUBE-SAFEA1.pdsc
2024-11-13 14:47:43,609 [INFO] ServerAccessManage:473 - Download File STMicroelectronics.X-CUBE-SUBG2.pdsc
2024-11-13 14:47:44,550 [INFO] ServerAccessManage:473 - Download File STMicroelectronics.X-CUBE-SMBUS.pdsc
2024-11-13 14:47:45,128 [WARN] MainUpdater:1194 - Updater busy. Cannot search thirdparties
2024-11-13 14:47:45,128 [INFO] ThirdPartyUpdaterWithRetryManager:96 - Updater plugin is busy. [11/15]
2024-11-13 14:47:45,204 [ERROR] ServerAccessManage:1089 - Problem, file not found on Server
2024-11-13 14:47:45,283 [INFO] ServerAccessManage:473 - Download File STMicroelectronics.X-CUBE-TCPP.pdsc
2024-11-13 14:47:45,429 [INFO] ServerAccessManage:473 - Download File STMicroelectronics.X-CUBE-TOF1.pdsc
2024-11-13 14:47:47,069 [ERROR] ServerAccessManage:1089 - Problem, file not found on Server
2024-11-13 14:47:47,174 [INFO] ServerAccessManage:473 - Download File STMicroelectronics.X-CUBE-TOUCHGFX.pdsc
2024-11-13 14:47:48,128 [WARN] MainUpdater:1194 - Updater busy. Cannot search thirdparties
2024-11-13 14:47:48,128 [INFO] ThirdPartyUpdaterWithRetryManager:96 - Updater plugin is busy. [12/15]
2024-11-13 14:47:49,386 [INFO] ServerAccessManage:473 - Download File STMicroelectronics.X-CUBE-ALGOBUILD.pdsc
2024-11-13 14:47:50,652 [INFO] ServerAccessManage:473 - Download File STMicroelectronics.X-CUBE-AZRTOS-H7.pdsc
2024-11-13 14:47:51,128 [WARN] MainUpdater:1194 - Updater busy. Cannot search thirdparties
2024-11-13 14:47:51,128 [INFO] ThirdPartyUpdaterWithRetryManager:96 - Updater plugin is busy. [13/15]
2024-11-13 14:47:51,452 [INFO] ServerAccessManage:473 - Download File STMicroelectronics.X-CUBE-AZRTOS-H7RS.pdsc
2024-11-13 14:47:51,844 [INFO] ServerAccessManage:473 - Download File STMicroelectronics.X-CUBE-AZRTOS-F4.pdsc
2024-11-13 14:47:52,110 [INFO] ServerAccessManage:473 - Download File STMicroelectronics.X-CUBE-AZRTOS-F7.pdsc
2024-11-13 14:47:52,457 [INFO] ServerAccessManage:473 - Download File STMicroelectronics.X-CUBE-AZRTOS-L4.pdsc
2024-11-13 14:47:52,954 [INFO] ServerAccessManage:473 - Download File STMicroelectronics.X-CUBE-AZRTOS-L5.pdsc
2024-11-13 14:47:53,870 [INFO] ServerAccessManage:473 - Download File STMicroelectronics.X-CUBE-AZRTOS-G0.pdsc
2024-11-13 14:47:54,129 [WARN] MainUpdater:1194 - Updater busy. Cannot search thirdparties
2024-11-13 14:47:54,129 [INFO] ThirdPartyUpdaterWithRetryManager:96 - Updater plugin is busy. [14/15]
2024-11-13 14:47:54,177 [INFO] ServerAccessManage:473 - Download File STMicroelectronics.X-CUBE-AZRTOS-G4.pdsc
2024-11-13 14:47:55,258 [INFO] ServerAccessManage:473 - Download File STMicroelectronics.X-CUBE-AZRTOS-WB.pdsc
2024-11-13 14:47:56,208 [INFO] ServerAccessManage:473 - Download File STMicroelectronics.X-CUBE-AZRTOS-WL.pdsc
2024-11-13 14:47:56,549 [INFO] ServerAccessManage:473 - Download File STMicroelectronics.X-CUBE-WB05N.pdsc
2024-11-13 14:47:57,129 [WARN] MainUpdater:1194 - Updater busy. Cannot search thirdparties
2024-11-13 14:47:57,129 [INFO] ThirdPartyUpdaterWithRetryManager:96 - Updater plugin is busy. [15/15]
2024-11-13 14:47:57,129 [ERROR] IntegrityCheckThread:130 - Cannot retrieve database content from updater: error -1
2024-11-13 14:47:57,130 [INFO] ThirdParty:978 - Integrity check success = false
2024-11-13 14:47:57,130 [INFO] IntegrityCheckThread:100 - exiting critical section [integrity check]
2024-11-13 14:47:57,130 [INFO] IntegrityCheckThread:103 - End integrity checks thread
2024-11-13 14:47:57,191 [INFO] ServerAccessManage:473 - Download File wolfSSL.I-CUBE-wolfSSL.pdsc
2024-11-13 14:48:00,525 [ERROR] ServerAccessManage:1089 - Problem, file not found on Server
2024-11-13 14:48:00,865 [ERROR] ServerAccessManage:1089 - Problem, file not found on Server
2024-11-13 14:48:01,215 [ERROR] ServerAccessManage:1089 - Problem, file not found on Server
2024-11-13 14:48:01,285 [INFO] ServerAccessManage:473 - Download File wolfSSL.I-CUBE-wolfMQTT.pdsc
2024-11-13 14:48:02,147 [ERROR] ServerAccessManage:1089 - Problem, file not found on Server
2024-11-13 14:48:02,213 [INFO] ServerAccessManage:473 - Download File wolfSSL.I-CUBE-wolfTPM.pdsc
2024-11-13 14:48:03,488 [INFO] ServerAccessManage:473 - Download File wolfSSL.I-CUBE-wolfSSH.pdsc
2024-11-13 14:48:07,366 [INFO] ServerAccessManage:473 - Download File RealThread.X-CUBE-RT-Thread_Nano.pdsc
2024-11-13 14:48:09,351 [INFO] ServerAccessManage:473 - Download File SEGGER.I-CUBE-embOS.pdsc
2024-11-13 14:48:11,488 [INFO] ServerAccessManage:473 - Download File portGmbH.I-Cube-SoM-uGOAL.pdsc
2024-11-13 14:48:13,171 [ERROR] ServerAccessManage:1089 - Problem, file not found on Server
2024-11-13 14:48:13,328 [ERROR] ServerAccessManage:1089 - Problem, file not found on Server
2024-11-13 14:48:13,485 [ERROR] ServerAccessManage:1089 - Problem, file not found on Server
2024-11-13 14:48:14,290 [INFO] ServerAccessManage:473 - Download File emotas.I-CUBE-CANOPEN.pdsc
2024-11-13 14:48:15,540 [INFO] ServerAccessManage:473 - Download File WES.I-CUBE-Cesium.pdsc
2024-11-13 14:48:15,832 [ERROR] ServerAccessManage:1089 - Problem, file not found on Server
2024-11-13 14:48:16,035 [ERROR] ServerAccessManage:1089 - Problem, file not found on Server
2024-11-13 14:48:16,525 [INFO] ServerAccessManage:473 - Download File ITTIA_DB.I-CUBE-ITTIADB.pdsc
2024-11-13 14:48:18,650 [INFO] ServerAccessManage:473 - Download File Infineon.AIROC-Wi-Fi-Bluetooth-STM32.pdsc
2024-11-13 14:48:22,001 [INFO] ServerAccessManage:473 - Download File Cesanta.I-CUBE-Mongoose.pdsc
2024-11-13 14:48:24,461 [INFO] ServerAccessManage:473 - Download File EmbeddedOffice.I-CUBE-FS-RTOS.pdsc
2024-11-13 14:48:25,448 [INFO] ServerAccessManage:473 - Download File quantropi.X-CUBE-qispace-sdk-base.pdsc
2024-11-13 14:48:25,605 [WARN] PackLoader:240 - Cannot read IP mode file for STMicroelectronics.FP-ATR-ASTRA1.2.0.1
2024-11-13 14:48:25,609 [WARN] PackLoader:240 - Cannot read IP mode file for STMicroelectronics.FP-ATR-SIGFOX1.3.2.0
2024-11-13 14:48:25,611 [WARN] CheckServerUpdateThread:151 - Open CheckUpdateFile Fail
2024-11-13 14:48:25,617 [WARN] PackLoader:240 - Cannot read IP mode file for STMicroelectronics.FP-SNS-STBOX1.2.0.0
2024-11-13 14:48:25,625 [WARN] PackLoader:240 - Cannot read IP mode file for STMicroelectronics.FP-SNS-FLIGHT1.5.0.2
2024-11-13 14:48:25,629 [WARN] PackLoader:240 - Cannot read IP mode file for STMicroelectronics.FP-SNS-MOTENV1.5.0.0
2024-11-13 14:48:25,634 [WARN] PackLoader:240 - Cannot read IP mode file for STMicroelectronics.FP-SNS-MOTENVWB1.1.4.0
2024-11-13 14:48:25,638 [WARN] PackLoader:240 - Cannot read IP mode file for STMicroelectronics.FP-SNS-SMARTAG2.1.2.0
2024-11-13 14:48:25,641 [WARN] PackLoader:240 - Cannot read IP mode file for STMicroelectronics.X-CUBE-AI.9.1.0
2024-11-13 14:48:25,645 [WARN] PackLoader:240 - Cannot read IP mode file for STMicroelectronics.X-CUBE-ALS.1.0.2
2024-11-13 14:48:25,650 [WARN] PackLoader:240 - Cannot read IP mode file for STMicroelectronics.X-CUBE-BLE1.7.0.0
2024-11-13 14:48:25,654 [WARN] PackLoader:240 - Cannot read IP mode file for STMicroelectronics.X-CUBE-BLE2.3.3.0
2024-11-13 14:48:25,665 [WARN] PackLoader:240 - Cannot read IP mode file for STMicroelectronics.X-CUBE-BLEMGR.3.1.0
2024-11-13 14:48:25,675 [WARN] PackLoader:240 - Cannot read IP mode file for STMicroelectronics.X-CUBE-DISPLAY.3.0.0
2024-11-13 14:48:25,684 [WARN] PackLoader:240 - Cannot read IP mode file for STMicroelectronics.X-CUBE-DPower.1.2.0
2024-11-13 14:48:25,689 [WARN] PackLoader:240 - Cannot read IP mode file for STMicroelectronics.X-CUBE-EEPRMA1.5.1.0
2024-11-13 14:48:25,695 [WARN] PackLoader:240 - Cannot read IP mode file for STMicroelectronics.X-CUBE-FREERTOS.1.2.0
2024-11-13 14:48:25,699 [WARN] PackLoader:240 - Cannot read IP mode file for STMicroelectronics.X-CUBE-GNSS1.7.0.0
2024-11-13 14:48:25,702 [WARN] PackLoader:240 - Cannot read IP mode file for STMicroelectronics.X-CUBE-ISPU.2.1.0
2024-11-13 14:48:25,712 [WARN] PackLoader:240 - Cannot read IP mode file for STMicroelectronics.X-CUBE-IPS.3.0.0
2024-11-13 14:48:25,732 [INFO] CheckServerUpdateThread:120 - End of CheckServer Thread
2024-11-13 14:48:25,758 [WARN] PackLoader:240 - Cannot read IP mode file for STMicroelectronics.X-CUBE-MEMS1.11.0.0
2024-11-13 14:48:25,877 [WARN] PackLoader:240 - Cannot read IP mode file for STMicroelectronics.X-CUBE-NFC4.3.0.0
2024-11-13 14:48:25,883 [WARN] PackLoader:240 - Cannot read IP mode file for STMicroelectronics.X-CUBE-NFC6.3.1.0
2024-11-13 14:48:25,888 [WARN] PackLoader:240 - Cannot read IP mode file for STMicroelectronics.X-CUBE-NFC7.1.0.1
2024-11-13 14:48:25,892 [WARN] PackLoader:240 - Cannot read IP mode file for STMicroelectronics.X-CUBE-NFC9.1.0.0
2024-11-13 14:48:25,897 [WARN] PackLoader:240 - Cannot read IP mode file for STMicroelectronics.X-CUBE-NFC10.1.0.0
2024-11-13 14:48:25,902 [WARN] PackLoader:240 - Cannot read IP mode file for STMicroelectronics.X-CUBE-SFXS2LP1.4.0.0
2024-11-13 14:48:25,913 [WARN] PackLoader:240 - Cannot read IP mode file for STMicroelectronics.X-CUBE-SAFEA1.1.2.2
2024-11-13 14:48:25,920 [WARN] PackLoader:240 - Cannot read IP mode file for STMicroelectronics.X-CUBE-SUBG2.5.0.0
2024-11-13 14:48:25,927 [WARN] PackLoader:240 - Cannot read IP mode file for STMicroelectronics.X-CUBE-SMBUS.2.1.0
2024-11-13 14:48:25,930 [WARN] PackLoader:240 - Cannot read IP mode file for STMicroelectronics.X-CUBE-TCPP.4.1.0
2024-11-13 14:48:25,946 [WARN] PackLoader:240 - Cannot read IP mode file for STMicroelectronics.X-CUBE-TOF1.3.4.2
2024-11-13 14:48:25,958 [WARN] PackLoader:240 - Cannot read IP mode file for STMicroelectronics.X-CUBE-TOUCHGFX.4.24.1
2024-11-13 14:48:25,963 [WARN] PackLoader:240 - Cannot read IP mode file for STMicroelectronics.X-CUBE-ALGOBUILD.1.4.0
2024-11-13 14:48:25,979 [WARN] PackLoader:240 - Cannot read IP mode file for STMicroelectronics.X-CUBE-AZRTOS-H7.3.3.0
2024-11-13 14:48:25,994 [WARN] PackLoader:240 - Cannot read IP mode file for STMicroelectronics.X-CUBE-AZRTOS-H7RS.1.0.0
2024-11-13 14:48:26,008 [WARN] PackLoader:240 - Cannot read IP mode file for STMicroelectronics.X-CUBE-AZRTOS-F4.1.1.0
2024-11-13 14:48:26,022 [WARN] PackLoader:240 - Cannot read IP mode file for STMicroelectronics.X-CUBE-AZRTOS-F7.1.1.0
2024-11-13 14:48:26,038 [WARN] ConditionMgr:438 - getConditionDescription Invalid condition id : LAN8742 Phy interface Condition cause : null
2024-11-13 14:48:26,038 [WARN] PackLoader:240 - Cannot read IP mode file for STMicroelectronics.X-CUBE-AZRTOS-L4.2.0.0
2024-11-13 14:48:26,039 [WARN] ConditionMgr:1039 - genDependencies : Invalid condition id : LAN8742 Phy interface Condition cause : null
2024-11-13 14:48:26,040 [WARN] ConditionMgr:1039 - genDependencies : Invalid condition id : LAN8742 Phy interface Condition cause : null
2024-11-13 14:48:26,040 [WARN] ConditionMgr:1039 - genDependencies : Invalid condition id : LAN8742 Phy interface Condition cause : null
2024-11-13 14:48:26,054 [WARN] PackLoader:240 - Cannot read IP mode file for STMicroelectronics.X-CUBE-AZRTOS-L5.2.0.0
2024-11-13 14:48:26,066 [WARN] PackLoader:240 - Cannot read IP mode file for STMicroelectronics.X-CUBE-AZRTOS-G0.1.1.0
2024-11-13 14:48:26,078 [WARN] PackLoader:240 - Cannot read IP mode file for STMicroelectronics.X-CUBE-AZRTOS-G4.2.0.0
2024-11-13 14:48:26,088 [WARN] ConditionMgr:438 - getConditionDescription Invalid condition id : UX DEVICE CLASS RTOS Condition cause : null
2024-11-13 14:48:26,089 [WARN] ConditionMgr:438 - getConditionDescription Invalid condition id : UX DEVICE CLASS RTOS Condition cause : null
2024-11-13 14:48:26,090 [WARN] PackLoader:240 - Cannot read IP mode file for STMicroelectronics.X-CUBE-AZRTOS-WB.2.0.0
2024-11-13 14:48:26,091 [WARN] ConditionMgr:1039 - genDependencies : Invalid condition id : UX DEVICE CLASS RTOS Condition cause : null
2024-11-13 14:48:26,091 [WARN] ConditionMgr:1039 - genDependencies : Invalid condition id : UX DEVICE CLASS RTOS Condition cause : null
2024-11-13 14:48:26,091 [WARN] ConditionMgr:1039 - genDependencies : Invalid condition id : UX DEVICE CLASS RTOS Condition cause : null
2024-11-13 14:48:26,092 [WARN] ConditionMgr:1039 - genDependencies : Invalid condition id : UX DEVICE CLASS RTOS Condition cause : null
2024-11-13 14:48:26,092 [WARN] ConditionMgr:1039 - genDependencies : Invalid condition id : UX DEVICE CLASS RTOS Condition cause : null
2024-11-13 14:48:26,098 [INFO] LogOutputStream:77 - [STDOUT_REDIRECT] 1 : Invalid condition id : UX_CORESTACK_Condition cause : null
2024-11-13 14:48:26,099 [INFO] LogOutputStream:77 - [STDOUT_REDIRECT] 1 : Invalid condition id : UX_CORESTACK_Condition cause : null
2024-11-13 14:48:26,099 [INFO] LogOutputStream:77 - [STDOUT_REDIRECT] 1 : Invalid condition id : UX_CORESTACK_Condition cause : null
2024-11-13 14:48:26,099 [INFO] LogOutputStream:77 - [STDOUT_REDIRECT] 1 : Invalid condition id : UX_CORESTACK_Condition cause : null
2024-11-13 14:48:26,099 [INFO] LogOutputStream:77 - [STDOUT_REDIRECT] 1 : Invalid condition id : UX_CORESTACK_Condition cause : null
2024-11-13 14:48:26,102 [WARN] PackLoader:240 - Cannot read IP mode file for STMicroelectronics.X-CUBE-AZRTOS-WL.2.0.0
2024-11-13 14:48:26,105 [WARN] PackLoader:240 - Cannot read IP mode file for STMicroelectronics.X-CUBE-WB05N.1.1.0
2024-11-13 14:48:26,108 [WARN] PackLoader:240 - Cannot read IP mode file for wolfSSL.I-CUBE-wolfSSL.5.7.4
2024-11-13 14:48:26,110 [WARN] PackLoader:240 - Cannot read IP mode file for wolfSSL.I-CUBE-wolfMQTT.1.19.0
2024-11-13 14:48:26,111 [WARN] PackLoader:240 - Cannot read IP mode file for wolfSSL.I-CUBE-wolfTPM.3.4.0
2024-11-13 14:48:26,113 [WARN] PackLoader:240 - Cannot read IP mode file for wolfSSL.I-CUBE-wolfSSH.1.4.17
2024-11-13 14:48:26,115 [WARN] PackLoader:240 - Cannot read IP mode file for RealThread.X-CUBE-RT-Thread_Nano.4.1.1
2024-11-13 14:48:26,142 [WARN] PackLoader:240 - Cannot read IP mode file for SEGGER.I-CUBE-embOS.1.3.1
2024-11-13 14:48:26,177 [WARN] PackLoader:240 - Cannot read IP mode file for portGmbH.I-Cube-SoM-uGOAL.1.1.0
2024-11-13 14:48:26,180 [WARN] PackLoader:240 - Cannot read IP mode file for emotas.I-CUBE-CANOPEN.1.3.0
2024-11-13 14:48:26,183 [WARN] PackLoader:240 - Cannot read IP mode file for WES.I-CUBE-Cesium.1.3.0
2024-11-13 14:48:26,186 [WARN] PackLoader:240 - Cannot read IP mode file for ITTIA_DB.I-CUBE-ITTIADB.8.9.0
2024-11-13 14:48:26,202 [WARN] PackLoader:240 - Cannot read IP mode file for Infineon.AIROC-Wi-Fi-Bluetooth-STM32.1.6.1
2024-11-13 14:48:26,207 [WARN] PackLoader:240 - Cannot read IP mode file for Cesanta.I-CUBE-Mongoose.7.13.0
2024-11-13 14:48:26,213 [WARN] PackLoader:240 - Cannot read IP mode file for EmbeddedOffice.I-CUBE-FS-RTOS.1.0.1
2024-11-13 14:48:26,213 [ERROR] ConditionMgr:805 - Attr not supported : Dmpu
2024-11-13 14:48:26,213 [ERROR] ConditionMgr:805 - Attr not supported : Dmpu
2024-11-13 14:48:26,213 [ERROR] ConditionMgr:805 - Attr not supported : Dmpu
2024-11-13 14:48:26,213 [ERROR] ConditionMgr:805 - Attr not supported : Dmpu
2024-11-13 14:48:26,214 [ERROR] ConditionMgr:805 - Attr not supported : Dmpu
2024-11-13 14:48:26,214 [ERROR] ConditionMgr:805 - Attr not supported : Dmpu
2024-11-13 14:48:26,214 [ERROR] ConditionMgr:805 - Attr not supported : Dmpu
2024-11-13 14:48:26,214 [ERROR] ConditionMgr:805 - Attr not supported : Dmpu
2024-11-13 14:48:26,214 [ERROR] ConditionMgr:805 - Attr not supported : Dmpu
2024-11-13 14:48:26,214 [ERROR] ConditionMgr:805 - Attr not supported : Dmpu
2024-11-13 14:48:26,214 [ERROR] ConditionMgr:805 - Attr not supported : Dmpu
2024-11-13 14:48:26,214 [ERROR] ConditionMgr:805 - Attr not supported : Dmpu
2024-11-13 14:48:26,214 [ERROR] ConditionMgr:805 - Attr not supported : Dmpu
2024-11-13 14:48:26,214 [ERROR] ConditionMgr:805 - Attr not supported : Dmpu
2024-11-13 14:48:26,214 [ERROR] ConditionMgr:805 - Attr not supported : Dmpu
2024-11-13 14:48:26,214 [ERROR] ConditionMgr:805 - Attr not supported : Dmpu
2024-11-13 14:48:26,214 [ERROR] ConditionMgr:805 - Attr not supported : Dmpu
2024-11-13 14:48:26,214 [ERROR] ConditionMgr:805 - Attr not supported : Dmpu
2024-11-13 14:48:26,214 [ERROR] ConditionMgr:805 - Attr not supported : Dmpu
2024-11-13 14:48:26,214 [ERROR] ConditionMgr:805 - Attr not supported : Dmpu
2024-11-13 14:48:26,214 [ERROR] ConditionMgr:805 - Attr not supported : Dmpu
2024-11-13 14:48:26,214 [ERROR] ConditionMgr:805 - Attr not supported : Dmpu
2024-11-13 14:48:26,214 [ERROR] ConditionMgr:805 - Attr not supported : Dmpu
2024-11-13 14:48:26,214 [ERROR] ConditionMgr:805 - Attr not supported : Dmpu
2024-11-13 14:48:26,214 [ERROR] ConditionMgr:805 - Attr not supported : Dmpu
2024-11-13 14:48:26,214 [ERROR] ConditionMgr:805 - Attr not supported : Dmpu
2024-11-13 14:48:26,214 [ERROR] ConditionMgr:805 - Attr not supported : Dmpu
2024-11-13 14:48:26,214 [ERROR] ConditionMgr:805 - Attr not supported : Dmpu
2024-11-13 14:48:26,215 [ERROR] ConditionMgr:805 - Attr not supported : Dmpu
2024-11-13 14:48:26,215 [ERROR] ConditionMgr:805 - Attr not supported : Dmpu
2024-11-13 14:48:26,215 [ERROR] ConditionMgr:805 - Attr not supported : Dmpu
2024-11-13 14:48:26,215 [ERROR] ConditionMgr:805 - Attr not supported : Dmpu
2024-11-13 14:48:26,215 [ERROR] ConditionMgr:805 - Attr not supported : Dmpu
2024-11-13 14:48:26,215 [ERROR] ConditionMgr:805 - Attr not supported : Dmpu
2024-11-13 14:48:26,215 [ERROR] ConditionMgr:805 - Attr not supported : Dmpu
2024-11-13 14:48:26,215 [ERROR] ConditionMgr:805 - Attr not supported : Dmpu
2024-11-13 14:48:26,215 [ERROR] ConditionMgr:805 - Attr not supported : Dmpu
2024-11-13 14:48:26,215 [ERROR] ConditionMgr:805 - Attr not supported : Dmpu
2024-11-13 14:48:26,215 [ERROR] ConditionMgr:805 - Attr not supported : Dmpu
2024-11-13 14:48:26,215 [ERROR] ConditionMgr:805 - Attr not supported : Dmpu
2024-11-13 14:48:26,215 [ERROR] ConditionMgr:805 - Attr not supported : Dmpu
2024-11-13 14:48:26,215 [ERROR] ConditionMgr:805 - Attr not supported : Dmpu
2024-11-13 14:48:26,215 [ERROR] ConditionMgr:805 - Attr not supported : Dmpu
2024-11-13 14:48:26,215 [ERROR] ConditionMgr:805 - Attr not supported : Dmpu
2024-11-13 14:48:26,215 [ERROR] ConditionMgr:805 - Attr not supported : Dmpu
2024-11-13 14:48:26,215 [ERROR] ConditionMgr:805 - Attr not supported : Dmpu
2024-11-13 14:48:26,215 [ERROR] ConditionMgr:805 - Attr not supported : Dmpu
2024-11-13 14:48:26,215 [ERROR] ConditionMgr:805 - Attr not supported : Dmpu
2024-11-13 14:48:26,216 [ERROR] ConditionMgr:805 - Attr not supported : Dmpu
2024-11-13 14:48:26,216 [ERROR] ConditionMgr:805 - Attr not supported : Dmpu
2024-11-13 14:48:26,216 [ERROR] ConditionMgr:805 - Attr not supported : Dmpu
2024-11-13 14:48:26,216 [ERROR] ConditionMgr:805 - Attr not supported : Dmpu
2024-11-13 14:48:26,216 [ERROR] ConditionMgr:805 - Attr not supported : Dmpu
2024-11-13 14:48:26,216 [ERROR] ConditionMgr:805 - Attr not supported : Dmpu
2024-11-13 14:48:26,216 [ERROR] ConditionMgr:805 - Attr not supported : Dmpu
2024-11-13 14:48:26,216 [ERROR] ConditionMgr:805 - Attr not supported : Dmpu
2024-11-13 14:48:26,216 [ERROR] ConditionMgr:805 - Attr not supported : Dmpu
2024-11-13 14:48:26,216 [ERROR] ConditionMgr:805 - Attr not supported : Dmpu
2024-11-13 14:48:26,216 [ERROR] ConditionMgr:805 - Attr not supported : Dmpu
2024-11-13 14:48:26,216 [ERROR] ConditionMgr:805 - Attr not supported : Dmpu
2024-11-13 14:48:26,216 [ERROR] ConditionMgr:805 - Attr not supported : Dmpu
2024-11-13 14:48:26,216 [ERROR] ConditionMgr:805 - Attr not supported : Dmpu
2024-11-13 14:48:26,216 [ERROR] ConditionMgr:805 - Attr not supported : Dmpu
2024-11-13 14:48:26,216 [ERROR] ConditionMgr:805 - Attr not supported : Dmpu
2024-11-13 14:48:26,218 [WARN] ConditionMgr:438 - getConditionDescription Invalid condition id : Cortex-A Device cause : null
2024-11-13 14:48:26,225 [WARN] ConditionMgr:1039 - genDependencies : Invalid condition id : Cortex-A Device cause : null
2024-11-13 14:48:26,225 [WARN] ConditionMgr:1039 - genDependencies : Invalid condition id : Cortex-A Device cause : null
2024-11-13 14:48:26,225 [WARN] ConditionMgr:1039 - genDependencies : Invalid condition id : Cortex-A Device cause : null
2024-11-13 14:48:26,226 [INFO] PopulateThirdPartyThread:66 - Ending populate Thread
2024-11-13 14:48:26,228 [INFO] ThirdParty:1030 - CMSIS Pack Vendor :STMicroelectronics X-CUBE-AZRTOS-H7 3.3.0
2024-11-13 14:48:26,228 [INFO] ThirdParty:1030 - CMSIS Pack Vendor :STMicroelectronics X-CUBE-NFC9 1.0.0
2024-11-13 14:48:26,228 [INFO] ThirdParty:1030 - CMSIS Pack Vendor :STMicroelectronics FP-SNS-MOTENVWB1 1.4.0
2024-11-13 14:48:26,228 [INFO] ThirdParty:1030 - CMSIS Pack Vendor :STMicroelectronics X-CUBE-AZRTOS-F4 1.1.0
2024-11-13 14:48:26,228 [INFO] ThirdParty:1030 - CMSIS Pack Vendor :STMicroelectronics FP-ATR-ASTRA1 2.0.1
2024-11-13 14:48:26,228 [INFO] ThirdParty:1030 - CMSIS Pack Vendor :STMicroelectronics X-CUBE-SMBUS 2.1.0
2024-11-13 14:48:26,228 [INFO] ThirdParty:1030 - CMSIS Pack Vendor :STMicroelectronics X-CUBE-WB05N 1.1.0
2024-11-13 14:48:26,228 [INFO] ThirdParty:1030 - CMSIS Pack Vendor :STMicroelectronics X-CUBE-ISPU 2.1.0
2024-11-13 14:48:26,228 [INFO] ThirdParty:1030 - CMSIS Pack Vendor :STMicroelectronics X-CUBE-TCPP 4.1.0
2024-11-13 14:48:26,228 [INFO] ThirdParty:1030 - CMSIS Pack Vendor :STMicroelectronics X-CUBE-FREERTOS 1.2.0
2024-11-13 14:48:26,228 [INFO] ThirdParty:1030 - CMSIS Pack Vendor :STMicroelectronics X-CUBE-IPS 3.0.0
2024-11-13 14:48:26,228 [INFO] ThirdParty:1030 - CMSIS Pack Vendor :STMicroelectronics X-CUBE-AZRTOS-WB 2.0.0
2024-11-13 14:48:26,228 [INFO] ThirdParty:1030 - CMSIS Pack Vendor :STMicroelectronics X-CUBE-GNSS1 7.0.0
2024-11-13 14:48:26,228 [INFO] ThirdParty:1030 - CMSIS Pack Vendor :STMicroelectronics X-CUBE-AZRTOS-F7 1.1.0
2024-11-13 14:48:26,228 [INFO] ThirdParty:1030 - CMSIS Pack Vendor :STMicroelectronics X-CUBE-AZRTOS-L5 2.0.0
2024-11-13 14:48:26,228 [INFO] ThirdParty:1030 - CMSIS Pack Vendor :STMicroelectronics X-CUBE-NFC6 3.1.0
2024-11-13 14:48:26,228 [INFO] ThirdParty:1030 - CMSIS Pack Vendor :STMicroelectronics FP-SNS-STBOX1 2.0.0
2024-11-13 14:48:26,228 [INFO] ThirdParty:1030 - CMSIS Pack Vendor :STMicroelectronics X-CUBE-MEMS1 11.0.0
2024-11-13 14:48:26,228 [INFO] ThirdParty:1030 - CMSIS Pack Vendor :STMicroelectronics X-CUBE-AZRTOS-G0 1.1.0
2024-11-13 14:48:26,229 [INFO] ThirdParty:1030 - CMSIS Pack Vendor :STMicroelectronics X-CUBE-DPower 1.2.0
2024-11-13 14:48:26,229 [INFO] ThirdParty:1030 - CMSIS Pack Vendor :STMicroelectronics X-CUBE-NFC4 3.0.0
2024-11-13 14:48:26,229 [INFO] ThirdParty:1030 - CMSIS Pack Vendor :STMicroelectronics X-CUBE-SAFEA1 1.2.2
2024-11-13 14:48:26,229 [INFO] ThirdParty:1030 - CMSIS Pack Vendor :STMicroelectronics X-CUBE-SUBG2 5.0.0
2024-11-13 14:48:26,229 [INFO] ThirdParty:1030 - CMSIS Pack Vendor :EmbeddedOffice I-CUBE-FS-RTOS 1.0.1
2024-11-13 14:48:26,229 [INFO] ThirdParty:1030 - CMSIS Pack Vendor :STMicroelectronics FP-SNS-FLIGHT1 5.0.2
2024-11-13 14:48:26,229 [INFO] ThirdParty:1030 - CMSIS Pack Vendor :Cesanta I-CUBE-Mongoose 7.13.0
2024-11-13 14:48:26,229 [INFO] ThirdParty:1030 - CMSIS Pack Vendor :STMicroelectronics X-CUBE-AZRTOS-G4 2.0.0
2024-11-13 14:48:26,229 [INFO] ThirdParty:1030 - CMSIS Pack Vendor :STMicroelectronics X-CUBE-DISPLAY 3.0.0
2024-11-13 14:48:26,229 [INFO] ThirdParty:1030 - CMSIS Pack Vendor :RealThread X-CUBE-RT-Thread_Nano 4.1.1
2024-11-13 14:48:26,229 [INFO] ThirdParty:1030 - CMSIS Pack Vendor :STMicroelectronics FP-ATR-SIGFOX1 3.2.0
2024-11-13 14:48:26,229 [INFO] ThirdParty:1030 - CMSIS Pack Vendor :STMicroelectronics X-CUBE-BLE1 7.0.0
2024-11-13 14:48:26,229 [INFO] ThirdParty:1030 - CMSIS Pack Vendor :STMicroelectronics X-CUBE-NFC10 1.0.0
2024-11-13 14:48:26,229 [INFO] ThirdParty:1030 - CMSIS Pack Vendor :quantropi X-CUBE-qispace-sdk-base 1.9.3
2024-11-13 14:48:26,229 [INFO] ThirdParty:1030 - CMSIS Pack Vendor :STMicroelectronics X-CUBE-EEPRMA1 5.1.0
2024-11-13 14:48:26,229 [INFO] ThirdParty:1030 - CMSIS Pack Vendor :STMicroelectronics X-CUBE-ALS 1.0.2
2024-11-13 14:48:26,230 [INFO] ThirdParty:1030 - CMSIS Pack Vendor :emotas I-CUBE-CANOPEN 1.3.0
2024-11-13 14:48:26,230 [INFO] ThirdParty:1030 - CMSIS Pack Vendor :wolfSSL I-CUBE-wolfSSL 5.7.4
2024-11-13 14:48:26,230 [INFO] ThirdParty:1030 - CMSIS Pack Vendor :STMicroelectronics X-CUBE-NFC7 1.0.1
2024-11-13 14:48:26,230 [INFO] ThirdParty:1030 - CMSIS Pack Vendor :ITTIA_DB I-CUBE-ITTIADB 8.9.0
2024-11-13 14:48:26,230 [INFO] ThirdParty:1030 - CMSIS Pack Vendor :STMicroelectronics X-CUBE-TOUCHGFX 4.24.1
2024-11-13 14:48:26,230 [INFO] ThirdParty:1030 - CMSIS Pack Vendor :wolfSSL I-CUBE-wolfTPM 3.4.0
2024-11-13 14:48:26,230 [INFO] ThirdParty:1030 - CMSIS Pack Vendor :portGmbH I-Cube-SoM-uGOAL 1.1.0
2024-11-13 14:48:26,230 [INFO] ThirdParty:1030 - CMSIS Pack Vendor :STMicroelectronics X-CUBE-BLEMGR 3.1.0
2024-11-13 14:48:26,230 [INFO] ThirdParty:1030 - CMSIS Pack Vendor :STMicroelectronics FP-SNS-SMARTAG2 1.2.0
2024-11-13 14:48:26,230 [INFO] ThirdParty:1030 - CMSIS Pack Vendor :STMicroelectronics X-CUBE-AZRTOS-WL 2.0.0
2024-11-13 14:48:26,230 [INFO] ThirdParty:1030 - CMSIS Pack Vendor :SEGGER I-CUBE-embOS 1.3.1
2024-11-13 14:48:26,230 [INFO] ThirdParty:1030 - CMSIS Pack Vendor :STMicroelectronics X-CUBE-ALGOBUILD 1.4.0
2024-11-13 14:48:26,230 [INFO] ThirdParty:1030 - CMSIS Pack Vendor :STMicroelectronics FP-SNS-MOTENV1 5.0.0
2024-11-13 14:48:26,230 [INFO] ThirdParty:1030 - CMSIS Pack Vendor :STMicroelectronics X-CUBE-AZRTOS-H7RS 1.0.0
2024-11-13 14:48:26,230 [INFO] ThirdParty:1030 - CMSIS Pack Vendor :wolfSSL I-CUBE-wolfMQTT 1.19.0
2024-11-13 14:48:26,230 [INFO] ThirdParty:1030 - CMSIS Pack Vendor :STMicroelectronics X-CUBE-AZRTOS-L4 2.0.0
2024-11-13 14:48:26,230 [INFO] ThirdParty:1030 - CMSIS Pack Vendor :WES I-CUBE-Cesium 1.3.0
2024-11-13 14:48:26,230 [INFO] ThirdParty:1030 - CMSIS Pack Vendor :STMicroelectronics X-CUBE-SFXS2LP1 4.0.0
2024-11-13 14:48:26,230 [INFO] ThirdParty:1030 - CMSIS Pack Vendor :STMicroelectronics X-CUBE-BLE2 3.3.0
2024-11-13 14:48:26,230 [INFO] ThirdParty:1030 - CMSIS Pack Vendor :STMicroelectronics X-CUBE-TOF1 3.4.2
2024-11-13 14:48:26,230 [INFO] ThirdParty:1030 - CMSIS Pack Vendor :STMicroelectronics X-CUBE-AI 9.1.0
2024-11-13 14:48:26,230 [INFO] ThirdParty:1030 - CMSIS Pack Vendor :Infineon AIROC-Wi-Fi-Bluetooth-STM32 1.6.1
2024-11-13 14:48:26,230 [INFO] ThirdParty:1030 - CMSIS Pack Vendor :wolfSSL I-CUBE-wolfSSH 1.4.17
2024-11-13 14:48:26,231 [INFO] LoadServerUpdatesThread:375 - End of LoadServerUpdate Thread
2024-11-13 14:48:31,280 [INFO] McuFinderGlobals:63 - Set McuFinder mode to 2 (CubeIDE integrated)
2024-11-13 14:48:31,281 [INFO] UserAuth:179 - activating auth plugin
2024-11-13 14:48:31,283 [INFO] UserAuth:417 - Internet connection configuration mode: 1
2024-11-13 14:48:58,004 [INFO] WebApp:643 - userauth.ini created with success
2024-11-13 16:58:37,447 [ERROR] LogOutputStream:75 - [STDERR_REDIRECT] 
